<?xml version="1.0" encoding="UTF-8"?>
<!-- Generated by org.testng.reporters.JUnitReportReporter -->
<testsuite skipped="0" hostname="Dipika-PC" name="combinResult" tests="1" failures="0" timestamp="25 Jul 2018 17:59:59 GMT" time="39.180" errors="0">
  <testcase name="amazonWeb" time="39.180" classname="combinResult"/>
</testsuite> <!-- combinResult -->
