<?xml version="1.0" encoding="UTF-8"?>
<!-- Generated by org.testng.reporters.JUnitReportReporter -->
<testsuite skipped="0" hostname="Dipika-PC" name="testngProject.Register" tests="1" failures="0" timestamp="20 Jun 2018 06:21:06 GMT" time="13.375" errors="0">
  <testcase name="Form" time="13.375" classname="testngProject.Register"/>
</testsuite> <!-- testngProject.Register -->
