<?xml version="1.0" encoding="UTF-8"?>
<!-- Generated by org.testng.reporters.JUnitReportReporter -->
<testsuite skipped="0" hostname="Dipika-PC" name="astroTest" tests="1" failures="0" timestamp="25 Jul 2018 14:25:53 GMT" time="14.909" errors="0">
  <testcase name="timingsAstro" time="14.909" classname="astroTest"/>
</testsuite> <!-- astroTest -->
